<?xml version="1.0" encoding="UTF-8"?>
<!-- Generated by org.testng.reporters.JUnitReportReporter -->
<testsuite hostname="DESKTOP-9CC8H0S" failures="0" tests="1" name="SpecifactionsConcept.ReqestSpecificationBuilder" time="3.169" errors="0" timestamp="14 Feb 2024 18:48:36 GMT" skipped="0">
  <testcase classname="SpecifactionsConcept.ReqestSpecificationBuilder" name="GetUsersAPI" time="3.169"/>
</testsuite> <!-- SpecifactionsConcept.ReqestSpecificationBuilder -->
