<?xml version="1.0" encoding="UTF-8"?>
<!-- Generated by org.testng.reporters.JUnitReportReporter -->
<testsuite hostname="DESKTOP-9CC8H0S" failures="0" tests="1" name="JsonPath.Jayway_JsonPath_Response_Test" time="1.941" errors="0" timestamp="17 Nov 2023 16:52:26 GMT" skipped="0">
  <testcase classname="JsonPath.Jayway_JsonPath_Response_Test" name="JsonPath_Response_Test1" time="1.941"/>
</testsuite> <!-- JsonPath.Jayway_JsonPath_Response_Test -->
