<?xml version="1.0" encoding="UTF-8"?>
<!-- Generated by org.testng.reporters.JUnitReportReporter -->
<testsuite hostname="DESKTOP-9CC8H0S" failures="0" tests="1" name="PostAPI.GoRest_CreateUser_With_POJO" time="2.936" errors="0" timestamp="14 Nov 2023 02:11:06 GMT" skipped="0">
  <testcase classname="PostAPI.GoRest_CreateUser_With_POJO" name="createUser" time="2.936"/>
</testsuite> <!-- PostAPI.GoRest_CreateUser_With_POJO -->
