<?xml version="1.0" encoding="UTF-8"?>
<!-- Generated by org.testng.reporters.JUnitReportReporter -->
<testsuite hostname="DESKTOP-9CC8H0S" failures="0" tests="7" name="getAPI.GetAPIRequestWithBDD" time="7.721" errors="0" timestamp="10 Nov 2023 00:26:29 GMT" skipped="0">
  <testcase classname="getAPI.GetAPIRequestWithBDD" name="getProductDataAPI_ExtractBody_JsonPath_JsomArray" time="0.829"/>
  <testcase classname="getAPI.GetAPIRequestWithBDD" name="getCircuitData_With_DataDriven" time="1.287"/>
  <testcase classname="getAPI.GetAPIRequestWithBDD" name="getCircuitData_With_DataDriven" time="0.339"/>
  <testcase classname="getAPI.GetAPIRequestWithBDD" name="getProductDataAPI_ExtractBody_Extract" time="0.882"/>
  <testcase classname="getAPI.GetAPIRequestWithBDD" name="GetAPIRequestWithBDD" time="2.668"/>
  <testcase classname="getAPI.GetAPIRequestWithBDD" name="getCircuitData_With_DataDriven" time="0.898"/>
  <testcase classname="getAPI.GetAPIRequestWithBDD" name="getProductDataAPI_ExtractBody_JSONpath" time="0.818"/>
</testsuite> <!-- getAPI.GetAPIRequestWithBDD -->
