<?xml version="1.0" encoding="UTF-8"?>
<!-- Generated by org.testng.reporters.JUnitReportReporter -->
<testsuite hostname="DESKTOP-9CC8H0S" failures="0" tests="1" name="PostAPI.Oauthlightbooking" time="6.445" errors="0" timestamp="13 Nov 2023 21:29:18 GMT" skipped="0">
  <testcase classname="PostAPI.Oauthlightbooking" name="getRequestToken" time="6.445"/>
</testsuite> <!-- PostAPI.Oauthlightbooking -->
