<?xml version="1.0" encoding="UTF-8"?>
<!-- Generated by org.testng.reporters.JUnitReportReporter -->
<testsuite hostname="DESKTOP-9CC8H0S" failures="0" tests="3" name="getAPI.GetAPIRequestTest" time="3.771" errors="0" timestamp="09 Nov 2023 21:00:03 GMT" skipped="0">
  <testcase classname="getAPI.GetAPIRequestTest" name="getAPItestwithnonBDD" time="0.460"/>
  <testcase classname="getAPI.GetAPIRequestTest" name="getAPIRequestTestWithHashMap" time="1.936"/>
  <testcase classname="getAPI.GetAPIRequestTest" name="getAPIRequestTestWithQueryParam" time="1.375"/>
</testsuite> <!-- getAPI.GetAPIRequestTest -->
